0 info it worked if it ends with ok
1 verbose cli [ '/usr/bin/node', '/usr/bin/npm', 'install' ]
2 info using npm@3.5.2
3 info using node@v8.10.0
4 silly loadCurrentTree Starting
5 silly install loadCurrentTree
6 silly install readLocalPackageData
7 silly install normalizeTree
8 silly loadCurrentTree Finishing
9 silly loadIdealTree Starting
10 silly install loadIdealTree
11 silly cloneCurrentTree Starting
12 silly install cloneCurrentTreeToIdealTree
13 silly cloneCurrentTree Finishing
14 silly loadShrinkwrap Starting
15 silly install loadShrinkwrap
16 silly loadShrinkwrap Finishing
17 silly loadAllDepsIntoIdealTree Starting
18 silly install loadAllDepsIntoIdealTree
19 silly fetchNamedPackageData express
20 silly mapToRegistry name express
21 silly mapToRegistry using default registry
22 silly mapToRegistry registry https://registry.npmjs.org/
23 silly mapToRegistry uri https://registry.npmjs.org/express
24 silly fetchNamedPackageData socket.io
25 silly mapToRegistry name socket.io
26 silly mapToRegistry using default registry
27 silly mapToRegistry registry https://registry.npmjs.org/
28 silly mapToRegistry uri https://registry.npmjs.org/socket.io
29 verbose request uri https://registry.npmjs.org/socket.io
30 verbose request no auth needed
31 info attempt registry request try #1 at 19:10:09
32 verbose request id 87bbb055732199e4
33 verbose etag W/"03988cc1e168b3cf44afeba5826dc92b"
34 verbose lastModified Mon, 28 Mar 2022 18:19:54 GMT
35 http request GET https://registry.npmjs.org/socket.io
36 verbose request uri https://registry.npmjs.org/express
37 verbose request no auth needed
38 info attempt registry request try #1 at 19:10:09
39 verbose etag W/"03c09e37faafe6e742b9a7212feed2cd"
40 verbose lastModified Mon, 11 Apr 2022 09:47:59 GMT
41 http request GET https://registry.npmjs.org/express
42 http 304 https://registry.npmjs.org/socket.io
43 verbose headers { date: 'Tue, 12 Apr 2022 22:10:10 GMT',
43 verbose headers   connection: 'keep-alive',
43 verbose headers   'cf-ray': '6faf4a5ceaa3a635-GRU',
43 verbose headers   age: '107',
43 verbose headers   'cache-control': 'public, max-age=300',
43 verbose headers   etag: '"03988cc1e168b3cf44afeba5826dc92b"',
43 verbose headers   'last-modified': 'Mon, 28 Mar 2022 18:19:54 GMT',
43 verbose headers   vary: 'Accept-Encoding',
43 verbose headers   'cf-cache-status': 'HIT',
43 verbose headers   'expect-ct': 'max-age=604800, report-uri="https://report-uri.cloudflare.com/cdn-cgi/beacon/expect-ct"',
43 verbose headers   'x-amz-replication-status': 'COMPLETED',
43 verbose headers   server: 'cloudflare' }
44 silly get cb [ 304,
44 silly get   { date: 'Tue, 12 Apr 2022 22:10:10 GMT',
44 silly get     connection: 'keep-alive',
44 silly get     'cf-ray': '6faf4a5ceaa3a635-GRU',
44 silly get     age: '107',
44 silly get     'cache-control': 'public, max-age=300',
44 silly get     etag: '"03988cc1e168b3cf44afeba5826dc92b"',
44 silly get     'last-modified': 'Mon, 28 Mar 2022 18:19:54 GMT',
44 silly get     vary: 'Accept-Encoding',
44 silly get     'cf-cache-status': 'HIT',
44 silly get     'expect-ct': 'max-age=604800, report-uri="https://report-uri.cloudflare.com/cdn-cgi/beacon/expect-ct"',
44 silly get     'x-amz-replication-status': 'COMPLETED',
44 silly get     server: 'cloudflare' } ]
45 verbose etag https://registry.npmjs.org/socket.io from cache
46 verbose get saving socket.io to /home/aluno/.npm/registry.npmjs.org/socket.io/.cache.json
47 http 304 https://registry.npmjs.org/express
48 verbose headers { date: 'Tue, 12 Apr 2022 22:10:10 GMT',
48 verbose headers   connection: 'keep-alive',
48 verbose headers   'cf-ray': '6faf4a5cdc6ba5a3-GRU',
48 verbose headers   age: '258',
48 verbose headers   'cache-control': 'public, max-age=300',
48 verbose headers   etag: '"03c09e37faafe6e742b9a7212feed2cd"',
48 verbose headers   'last-modified': 'Mon, 11 Apr 2022 09:47:59 GMT',
48 verbose headers   vary: 'Accept-Encoding',
48 verbose headers   'cf-cache-status': 'HIT',
48 verbose headers   'expect-ct': 'max-age=604800, report-uri="https://report-uri.cloudflare.com/cdn-cgi/beacon/expect-ct"',
48 verbose headers   'x-amz-replication-status': 'COMPLETED',
48 verbose headers   server: 'cloudflare' }
49 silly get cb [ 304,
49 silly get   { date: 'Tue, 12 Apr 2022 22:10:10 GMT',
49 silly get     connection: 'keep-alive',
49 silly get     'cf-ray': '6faf4a5cdc6ba5a3-GRU',
49 silly get     age: '258',
49 silly get     'cache-control': 'public, max-age=300',
49 silly get     etag: '"03c09e37faafe6e742b9a7212feed2cd"',
49 silly get     'last-modified': 'Mon, 11 Apr 2022 09:47:59 GMT',
49 silly get     vary: 'Accept-Encoding',
49 silly get     'cf-cache-status': 'HIT',
49 silly get     'expect-ct': 'max-age=604800, report-uri="https://report-uri.cloudflare.com/cdn-cgi/beacon/expect-ct"',
49 silly get     'x-amz-replication-status': 'COMPLETED',
49 silly get     server: 'cloudflare' } ]
50 verbose etag https://registry.npmjs.org/express from cache
51 verbose get saving express to /home/aluno/.npm/registry.npmjs.org/express/.cache.json
52 verbose stack Error: Missing required argument #1
52 verbose stack     at andLogAndFinish (/usr/share/npm/lib/fetch-package-metadata.js:31:3)
52 verbose stack     at fetchPackageMetadata (/usr/share/npm/lib/fetch-package-metadata.js:51:22)
52 verbose stack     at resolveWithNewModule (/usr/share/npm/lib/install/deps.js:456:12)
52 verbose stack     at /usr/share/npm/lib/install/deps.js:457:7
52 verbose stack     at /usr/share/npm/node_modules/iferr/index.js:13:50
52 verbose stack     at /usr/share/npm/lib/fetch-package-metadata.js:37:12
52 verbose stack     at addRequestedAndFinish (/usr/share/npm/lib/fetch-package-metadata.js:82:5)
52 verbose stack     at returnAndAddMetadata (/usr/share/npm/lib/fetch-package-metadata.js:117:7)
52 verbose stack     at pickVersionFromRegistryDocument (/usr/share/npm/lib/fetch-package-metadata.js:134:20)
52 verbose stack     at /usr/share/npm/node_modules/iferr/index.js:13:50
53 verbose cwd /home/aluno/Downloads/websockets-balanceador-de-carga
54 error Linux 4.15.0-60-generic
55 error argv "/usr/bin/node" "/usr/bin/npm" "install"
56 error node v8.10.0
57 error npm  v3.5.2
58 error code EMISSINGARG
59 error typeerror Error: Missing required argument #1
59 error typeerror     at andLogAndFinish (/usr/share/npm/lib/fetch-package-metadata.js:31:3)
59 error typeerror     at fetchPackageMetadata (/usr/share/npm/lib/fetch-package-metadata.js:51:22)
59 error typeerror     at resolveWithNewModule (/usr/share/npm/lib/install/deps.js:456:12)
59 error typeerror     at /usr/share/npm/lib/install/deps.js:457:7
59 error typeerror     at /usr/share/npm/node_modules/iferr/index.js:13:50
59 error typeerror     at /usr/share/npm/lib/fetch-package-metadata.js:37:12
59 error typeerror     at addRequestedAndFinish (/usr/share/npm/lib/fetch-package-metadata.js:82:5)
59 error typeerror     at returnAndAddMetadata (/usr/share/npm/lib/fetch-package-metadata.js:117:7)
59 error typeerror     at pickVersionFromRegistryDocument (/usr/share/npm/lib/fetch-package-metadata.js:134:20)
59 error typeerror     at /usr/share/npm/node_modules/iferr/index.js:13:50
60 error typeerror This is an error with npm itself. Please report this error at:
60 error typeerror     <http://github.com/npm/npm/issues>
61 verbose exit [ 1, true ]
